/home/daid/active/crabat/dictCal.cxx:511: warning: Compound G__cpp_setup_initdictCal is not documented.
/home/daid/active/crabat/dictAnaly.cxx:630: warning: Compound G__Sizep2memfuncdictAnaly is not documented.
/home/daid/active/crabat/dictCal.cxx:286: warning: Compound G__Sizep2memfuncdictCal is not documented.
/home/daid/active/crabat/Calibration.h:31: warning: Compound Calibration is not documented.
/home/daid/active/crabat/dictAnaly.cxx:1033: warning: Compound G__cpp_setup_initdictAnaly is not documented.
/home/daid/active/crabat/dictAnaly.cxx:116: warning: documented function `TClass * TArtFadcHit::fgIsA' was not declared or defined.
/home/daid/active/crabat/dictAnaly.cxx:120: warning: documented function `const char * TArtFadcHit::Class_Name' was not declared or defined.
/home/daid/active/crabat/dictAnaly.cxx:126: warning: documented function `const char * TArtFadcHit::ImplFileName' was not declared or defined.
/home/daid/active/crabat/dictAnaly.cxx:132: warning: documented function `int TArtFadcHit::ImplFileLine' was not declared or defined.
/home/daid/active/crabat/dictAnaly.cxx:138: warning: documented function `void TArtFadcHit::Dictionary' was not declared or defined.
/home/daid/active/crabat/dictAnaly.cxx:144: warning: documented function `TClass * TArtFadcHit::Class' was not declared or defined.
/home/daid/active/crabat/dictAnaly.cxx:172: warning: documented function `void TArtFadcHit::Streamer' was not declared or defined.
/home/daid/active/crabat/dictAnaly.cxx:205: warning: documented function `void TArtFadcHit::ShowMembers' was not declared or defined.
<example_enewzsub.cxx>:3: warning: included file example_enewzsub.cxx is not found. Check your EXAMPLE_PATH
/home/daid/active/crabat/Analyzer.cxx:53: warning: Member gate_30s (variable) of file Analyzer.cxx is not documented.
/home/daid/active/crabat/Analyzer.cxx:53: warning: Member gate_29p (variable) of file Analyzer.cxx is not documented.
/home/daid/active/crabat/Analyzer.cxx:53: warning: Member gate_31s (variable) of file Analyzer.cxx is not documented.
/home/daid/active/crabat/Analyzer.cxx:54: warning: Member proton_beam (variable) of file Analyzer.cxx is not documented.
/home/daid/active/crabat/Analyzer.cxx:55: warning: Member goodRF_30s (variable) of file Analyzer.cxx is not documented.
/home/daid/active/crabat/Analyzer.cxx:55: warning: Member goodPpacX_30s (variable) of file Analyzer.cxx is not documented.
/home/daid/active/crabat/Analyzer.cxx:56: warning: Member goodRF_29p (variable) of file Analyzer.cxx is not documented.
/home/daid/active/crabat/Analyzer.cxx:56: warning: Member goodPpacX_29p (variable) of file Analyzer.cxx is not documented.
/home/daid/active/crabat/Analyzer.cxx:57: warning: Member goodRF_31s (variable) of file Analyzer.cxx is not documented.
/home/daid/active/crabat/Analyzer.cxx:57: warning: Member goodPpacX_31s (variable) of file Analyzer.cxx is not documented.
/home/daid/active/crabat/Analyzer.cxx:99: warning: Member tpc_ch[2][144] (variable) of file Analyzer.cxx is not documented.
/home/daid/active/crabat/Analyzer.cxx:120: warning: Member padBgain[2][48] (variable) of file Analyzer.cxx is not documented.
/home/daid/active/crabat/Analyzer.h:84: warning: Member ClassImp(TArtFadcHit) (function) of file Analyzer.h is not documented.
/home/daid/active/crabat/Analyzer.h:50: warning: Member kMaxfadc (variable) of file Analyzer.h is not documented.
Searching for include files...
Searching for example files...
Searching for images...
Searching for dot files...
Searching for msc files...
Searching for files to exclude
Searching for files to process...
Searching for files in directory /home/daid/active/crabat
Searching for files in directory /home/daid/active/crabat/examples
Reading and parsing tag files
Preprocessing /home/daid/active/crabat/Analyzer.cxx...
Parsing file /home/daid/active/crabat/Analyzer.cxx...
Preprocessing /home/daid/active/crabat/Analyzer.h...
Parsing file /home/daid/active/crabat/Analyzer.h...
Preprocessing /home/daid/active/crabat/Calibration.cxx...
Parsing file /home/daid/active/crabat/Calibration.cxx...
Preprocessing /home/daid/active/crabat/Calibration.h...
Parsing file /home/daid/active/crabat/Calibration.h...
Preprocessing /home/daid/active/crabat/dictAnaly.cxx...
Parsing file /home/daid/active/crabat/dictAnaly.cxx...
Preprocessing /home/daid/active/crabat/dictAnaly.h...
Parsing file /home/daid/active/crabat/dictAnaly.h...
Preprocessing /home/daid/active/crabat/dictCal.cxx...
Parsing file /home/daid/active/crabat/dictCal.cxx...
Preprocessing /home/daid/active/crabat/dictCal.h...
Parsing file /home/daid/active/crabat/dictCal.h...
Preprocessing /home/daid/active/crabat/linkdefAnaly.h...
Parsing file /home/daid/active/crabat/linkdefAnaly.h...
Preprocessing /home/daid/active/crabat/linkdefCal.h...
Parsing file /home/daid/active/crabat/linkdefCal.h...
Preprocessing /home/daid/active/crabat/run.cxx...
Parsing file /home/daid/active/crabat/run.cxx...
Preprocessing /home/daid/active/crabat/run.h...
Parsing file /home/daid/active/crabat/run.h...
Preprocessing /home/daid/active/crabat/examples/enewzsub.cxx...
Parsing file /home/daid/active/crabat/examples/enewzsub.cxx...
Building group list...
Building directory list...
Building namespace list...
Building file list...
Building class list...
Associating documentation with classes...
Computing nesting relations for classes...
Building example list...
Searching for enumerations...
Searching for documented typedefs...
Searching for members imported via using declarations...
Searching for included using directives...
Searching for documented variables...
Building member list...
Searching for friends...
Searching for documented defines...
Computing class inheritance relations...
Computing class usage relations...
Flushing cached template relations that have become invalid...
Creating members for template instances...
Computing class relations...
Add enum values to enums...
Searching for member function documentation...
Building page list...
Search for main page...
Computing page relations...
Determining the scope of groups...
Sorting lists...
Freeing entry tree
Determining which enums are documented
Computing member relations...
Building full member lists recursively...
Adding members to member groups.
Computing member references...
Inheriting documentation...
Generating disk names...
Adding source references...
Adding xrefitems...
Sorting member lists...
Counting data structures...
Resolving user defined references...
Finding anchors and sections in the documentation...
Combining using relations...
Adding members to index pages...
Generating style sheet...
Generating search indices...
Generating index page...
Generating page index...
Generating example documentation...
Generating docs for example example_enewzsub.cxx...
Generating file sources...
Generating code for file Analyzer.cxx...
Generating code for file Analyzer.h...
Generating code for file Calibration.cxx...
Generating code for file Calibration.h...
Generating code for file dictAnaly.cxx...
Generating code for file dictAnaly.h...
Generating code for file dictCal.cxx...
Generating code for file dictCal.h...
Generating code for file examples/enewzsub.cxx...
Generating code for file linkdefAnaly.h...
Generating code for file linkdefCal.h...
Generating code for file run.cxx...
Generating code for file run.h...
Generating file documentation...
Generating docs for file Analyzer.cxx...
Generating docs for file Analyzer.h...
Generating docs for file run./home/daid/active/crabat/run.cxx:75: warning: argument 'arcv' of command @param is not found in the argument list of main(int argc, char **argv)
/home/daid/active/crabat/run.cxx:75: warning: The following parameters of main(int argc, char **argv) are not documented:
  parameter 'argv'
/home/daid/active/crabat/run.h:63: warning: Member flag_Run (variable) of file run.h is not documented.
/home/daid/active/crabat/run.h:64: warning: Member flag_Batch (variable) of file run.h is not documented.
/home/daid/active/crabat/run.h:65: warning: Member flag_Header (variable) of file run.h is not documented.
/home/daid/active/crabat/run.h:66: warning: Member flag_Inpath (variable) of file run.h is not documented.
/home/daid/active/crabat/run.h:67: warning: Member flag_raw (variable) of file run.h is not documented.
/home/daid/active/crabat/run.h:67: warning: Member flag_detail (variable) of file run.h is not documented.
/home/daid/active/crabat/run.h:68: warning: Member flag_ssd (variable) of file run.h is not documented.
/home/daid/active/crabat/run.h:68: warning: Member flag_strip (variable) of file run.h is not documented.
/home/daid/active/crabat/run.h:68: warning: Member flag_ppac (variable) of file run.h is not documented.
/home/daid/active/crabat/run.h:68: warning: Member flag_tpc (variable) of file run.h is not documented.
/home/daid/active/crabat/run.h:71: warning: Member hRf[2] (variable) of file run.h is not documented.
/home/daid/active/crabat/run.h:73: warning: Member hSiStripHit (variable) of file run.h is not documented.
/home/daid/active/crabat/run.h:74: warning: Member hSiPadHit (variable) of file run.h is not documented.
/home/daid/active/crabat/run.h:75: warning: Member hfSample[144] (variable) of file run.h is not documented.
/home/daid/active/crabat/run.h:76: warning: Member hTrough[144] (variable) of file run.h is not documented.
/home/daid/active/crabat/run.h:77: warning: Member hBeamPadCh (variable) of file run.h is not documented.
/home/daid/active/crabat/run.h:78: warning: Member hGemMstpcCh (variable) of file run.h is not documented.
/home/daid/active/crabat/run.h:80: warning: Member hSiStripE (variable) of file run.h is not documented.
/home/daid/active/crabat/run.h:81: warning: Member hSiStripEcal (variable) of file run.h is not documented.
/home/daid/active/crabat/run.h:82: warning: Member hSiPadE (variable) of file run.h is not documented.
/home/daid/active/crabat/run.h:83: warning: Member hSiEmax (variable) of file run.h is not documented.
/home/daid/active/crabat/run.h:84: warning: Member hSiPadEcal (variable) of file run.h is not documented.
/home/daid/active/crabat/run.h:86: warning: Member strip_ch[97] (variable) of file run.h is not documented.
/home/daid/active/crabat/run.h:87: warning: Member strip_cal_ch[97] (variable) of file run.h is not documented.
/home/daid/active/crabat/run.h:88: warning: Member strip_ch_gated30s[97] (variable) of file run.h is not documented.
/home/daid/active/crabat/run.h:89: warning: Member strip_ch_gated29p[97] (variable) of file run.h is not documented.
/home/daid/active/crabat/run.h:90: warning: Member pad_ch[18] (variable) of file run.h is not documented.
/home/daid/active/crabat/run.h:91: warning: Member pad_ch_gated[18] (variable) of file run.h is not documented.
/home/daid/active/crabat/run.h:94: warning: Member dE_E[6] (variable) of file run.h is not documented.
/home/daid/active/crabat/run.h:95: warning: Member dE_Estrip[6] (variable) of file run.h is not documented.
/home/daid/active/crabat/run.h:96: warning: Member dE_EBeamGateRF0[6] (variable) of file run.h is not documented.
/home/daid/active/crabat/run.h:97: warning: Member dE_EBeamGateRF1[6] (variable) of file run.h is not documented.
/home/daid/active/crabat/run.h:98: warning: Member dE_EBeamGateRFAll (variable) of file run.h is not documented.
/home/daid/active/crabat/run.h:99: warning: Member hSiT (variable) of file run.h is not documented.
/home/daid/active/crabat/run.h:100: warning: Member hSiTcal (variable) of file run.h is not documented.
/home/daid/active/crabat/run.h:102: warning: Member hPpac0TpadT_30s_ch[18] (variable) of file run.h is not documented.
/home/daid/active/crabat/run.h:103: warning: Member hPpac0TpadT_29p_ch[18] (variable) of file run.h is not documented.
/home/daid/active/crabat/run.h:104: warning: Member hPpacToF_30s (variable) of file run.h is not documented.
/home/daid/active/crabat/run.h:105: warning: Member hPpacToF_29p (variable) of file run.h is not documented.
/home/daid/active/crabat/run.h:107: warning: Member hRF0Tof (variable) of file run.h is not documented.
/home/daid/active/crabat/run.h:108: warning: Member hRF1Tof (variable) of file run.h is not documented.
/home/daid/active/crabat/run.h:110: warning: Member hPpac0TX1 (variable) of file run.h is not documented.
/home/daid/active/crabat/run.h:111: warning: Member hPpac0TX2 (variable) of file run.h is not documented.
/home/daid/active/crabat/run.h:112: warning: Member hPpac0TY1 (variable) of file run.h is not documented.
/home/daid/active/crabat/run.h:113: warning: Member hPpac0TY2 (variable) of file run.h is not documented.
/home/daid/active/crabat/run.h:114: warning: Member hPpac1TX1 (variable) of file run.h is not documented.
/home/daid/active/crabat/run.h:115: warning: Member hPpac1TX2 (variable) of file run.h is not documented.
/home/daid/active/crabat/run.h:116: warning: Member hPpac1TY1 (variable) of file run.h is not documented.
/home/daid/active/crabat/run.h:117: warning: Member hPpac1TY2 (variable) of file run.h is not documented.
/home/daid/active/crabat/run.h:119: warning: Member hPpac0XY (variable) of file run.h is not documented.
/home/daid/active/crabat/run.h:120: warning: Member hPpac1XY (variable) of file run.h is not documented.
/home/daid/active/crabat/run.h:121: warning: Member hPpac1XYcut (variable) of file run.h is not documented.
/home/daid/active/crabat/run.h:122: warning: Member hPpac0XRF0 (variable) of file run.h is not documented.
/home/daid/active/crabat/run.h:123: warning: Member hPpac0XRF0_29p (variable) of file run.h is not documented.
/home/daid/active/crabat/run.h:124: warning: Member hPpac0XRF1_29p (variable) of file run.h is not documented.
/home/daid/active/crabat/run.h:125: warning: Member hPpac0XRF0_30s (variable) of file run.h is not documented.
/home/daid/active/crabat/run.h:126: warning: Member hPpac0XRF1_30s (variable) of file run.h is not documented.
/home/daid/active/crabat/run.h:127: warning: Member hPpac0XRF0ds (variable) of file run.h is not documented.
/home/daid/active/crabat/run.h:128: warning: Member hPpac0XRF1ds (variable) of file run.h is not documented.
/home/daid/active/crabat/run.h:129: warning: Member hPpac0XRF0ssd (variable) of file run.h is not documented.
/home/daid/active/crabat/run.h:130: warning: Member hPpac0XRF1ssd (variable) of file run.h is not documented.
/home/daid/active/crabat/run.h:131: warning: Member hPpac1XRF0 (variable) of file run.h is not documented.
/home/daid/active/crabat/run.h:132: warning: Member hPpac1XRF0_29p (variable) of file run.h is not documented.
/home/daid/active/crabat/run.h:133: warning: Member hPpac1XRF1_29p (variable) of file run.h is not documented.
/home/daid/active/crabat/run.h:134: warning: Member hPpac1XRF0_30s (variable) of file run.h is not documented.
/home/daid/active/crabat/run.h:135: warning: Member hPpac1XRF1_30s (variable) of file run.h is not documented.
/home/daid/active/crabat/run.h:136: warning: Member hPpac1XRF0ds (variable) of file run.h is not documented.
/home/daid/active/crabat/run.h:137: warning: Member hPpac1XRF1ds (variable) of file run.h is not documented.
/home/daid/active/crabat/run.h:138: warning: Member hPpac1XRF0ssd (variable) of file run.h is not documented.
/home/daid/active/crabat/run.h:139: warning: Member hPpac1XRF1ssd (variable) of file run.h is not documented.
/home/daid/active/crabat/run.h:140: warning: Member hPpac0XRF1 (variable) of file run.h is not documented.
/home/daid/active/crabat/run.h:141: warning: Member hPpac0XRF1cut (variable) of file run.h is not documented.
/home/daid/active/crabat/run.h:142: warning: Member hPpac1XRF1cut (variable) of file run.h is not documented.
/home/daid/active/crabat/run.h:143: warning: Member hPpac1XRF1 (variable) of file run.h is not documented.
/home/daid/active/crabat/run.h:146: warning: Member hGemMstpcAll (variable) of file run.h is not documented.
/home/daid/active/crabat/run.h:147: warning: Member hGemMstpcSide (variable) of file run.h is not documented.
/home/daid/active/crabat/run.h:148: warning: Member hPadC (variable) of file run.h is not documented.
/home/daid/active/crabat/run.h:150: warning: Member hTpc_dE_ch[144] (variable) of file run.h is not documented.
/home/daid/active/crabat/run.h:154: warning: Member hBraggB_ch[48] (variable) of file run.h is not documented.
/home/daid/active/crabat/run.h:155: warning: Member hBraggB_ds_ch[48] (variable) of file run.h is not documented.
/home/daid/active/crabat/run.h:156: warning: Member hBraggB_ssd_ch[48] (variable) of file run.h is not documented.
/home/daid/active/crabat/run.h:158: warning: Member hBraggB_30s_jch[15] (variable) of file run.h is not documented.
/home/daid/active/crabat/run.h:159: warning: Member hBraggB_rp (variable) of file run.h is not documented.
/home/daid/active/crabat/run.h:160: warning: Member hBraggB_30s (variable) of file run.h is not documented.
/home/daid/active/crabat/run.h:161: warning: Member hBraggB_29p (variable) of file run.h is not documented.
/home/daid/active/crabat/run.h:162: warning: Member hBraggB_31s (variable) of file run.h is not documented.
/home/daid/active/crabat/run.h:163: warning: Member hBraggB (variable) of file run.h is not documented.
/home/daid/active/crabat/run.h:165: warning: Member hPadXB (variable) of file run.h is not documented.
/home/daid/active/crabat/run.h:166: warning: Member hPadXB_30s (variable) of file run.h is not documented.
/home/daid/active/crabat/run.h:168: warning: Member hPadYB (variable) of file run.h is not documented.
/home/daid/active/crabat/run.h:169: warning: Member hPadYB_30s (variable) of file run.h is not documented.
/home/daid/active/crabat/run.h:171: warning: Member hPadB_3D (variable) of file run.h is not documented.
/home/daid/active/crabat/run.h:173: warning: Member hBraggB_3D (variable) of file run.h is not documented.
/home/daid/active/crabat/run.h:174: warning: Member hBraggB_3D_ds (variable) of file run.h is not documented.
/home/daid/active/crabat/run.h:175: warning: Member hBraggB_3D_ssd (variable) of file run.h is not documented.
/home/daid/active/crabat/run.h:178: warning: Member hBraggL (variable) of file run.h is not documented.
/home/daid/active/crabat/run.h:179: warning: Member hBraggR (variable) of file run.h is not documented.
/home/daid/active/crabat/run.h:180: warning: Member hBraggC (variable) of file run.h is not documented.
/home/daid/active/crabat/run.h:183: warning: Member hPadXC (variable) of file run.h is not documented.
/home/daid/active/crabat/Analyzer.h:176: warning: Member Analyzer(TChain *tree=0) (function) of class Analyzer is not documented.
/home/daid/active/crabat/Analyzer.h:178: warning: Member Cut(Long64_t entry) (function) of class Analyzer is not documented.
/home/daid/active/crabat/Analyzer.h:179: warning: Member GetEntry(Long64_t entry) (function) of class Analyzer is not documented.
/home/daid/active/crabat/Analyzer.h:180: warning: Member LoadTree(Long64_t entry) (function) of class Analyzer is not documented.
/home/daid/active/crabat/Analyzer.h:181: warning: Member Init(TChain *tree) (function) of class Analyzer is not documented.
/home/daid/active/crabat/Analyzer.h:187: warning: Member Notify() (function) of class Analyzer is not documented.
/home/daid/active/crabat/Analyzer.h:188: warning: Member Show(Long64_t entry=-1) (function) of class Analyzer is not documented.
/home/daid/active/crabat/Analyzer.h:99: warning: Member fChain (variable) of class Analyzer is not documented.
/home/daid/active/crabat/Analyzer.h:104: warning: Member fSiEcal[18][9] (variable) of class Analyzer is not documented.
/home/daid/active/crabat/Analyzer.h:105: warning: Member fSiEmax[18] (variable) of class Analyzer is not documented.
/home/daid/active/crabat/Analyzer.h:106: warning: Member fSiEStripmax[12] (variable) of class Analyzer is not documented.
/home/daid/active/crabat/Analyzer.h:107: warning: Member fSiT[18] (variable) of class Analyzer is not documented.
/home/daid/active/crabat/Analyzer.h:108: warning: Member fSiTcal[18] (variable) of class Analyzer is not documented.
/home/daid/active/crabat/Analyzer.h:109: warning: Member SiIsHit[18] (variable) of class Analyzer is not documented.
/home/daid/active/crabat/Analyzer.h:110: warning: Member SsdOR (variable) of class Analyzer is not documented.
/home/daid/active/crabat/Analyzer.h:111: warning: Member ssd_mult (variable) of class Analyzer is not documented.
/home/daid/active/crabat/Analyzer.h:112: warning: Member ssdhit[5][2] (variable) of class Analyzer is not documented.
/home/daid/active/crabat/Analyzer.h:113: warning: Member fPPAC[2][5] (variable) of class Analyzer is not documented.
/home/daid/active/crabat/Analyzer.h:114: warning: Member fPPACcal[2][5] (variable) of class Analyzer is not documented.
/home/daid/active/crabat/Analyzer.h:115: warning: Member fRF[2] (variable) of class Analyzer is not documented.
/home/daid/active/crabat/Analyzer.h:116: warning: Member tof[2] (variable) of class Analyzer is not documented.
/home/daid/active/crabat/Analyzer.h:117: warning: Member Tof (variable) of class Analyzer is not documented.
/home/daid/active/crabat/Analyzer.h:118: warning: Member PpacIsHit[2] (variable) of class Analyzer is not documented.
/home/daid/active/crabat/Analyzer.h:119: warning: Member PadIsHit[144] (variable) of class Analyzer is not documented.
/home/daid/active/crabat/Analyzer.h:120: warning: Member fSampleMax[144][20][20] (variable) of class Analyzer is not documented.
/home/daid/active/crabat/Analyzer.h:121: warning: Member fClockMax[144][20][20] (variable) of class Analyzer is not documented.
/home/daid/active/crabat/Analyzer.h:122: warning: Member fTimeMax[144][20][20] (variable) of class Analyzer is not documented.
/home/daid/active/crabat/Analyzer.h:123: warning: Member HitNo[144][20] (variable) of class Analyzer is not documented.
/home/daid/active/crabat/Analyzer.h:125: warning: Member fNHit[144] (variable) of class Analyzer is not documented.
/home/daid/active/crabat/Analyzer.h:126: warning: Member fHitMax[144] (variable) of class Analyzer is not documented.
/home/daid/active/crabat/Analyzer.h:127: warning: Member baseline[144][20] (variable) of class Analyzer is not documented.
/home/daid/active/crabat/Analyzer.h:128: warning: Member baseline_dev[144][20] (variable) of class Analyzer is not documented.
/home/daid/active/crabat/Analyzer.h:129: warning: Member trough (variable) of class Analyzer is not documented.
/home/daid/active/crabat/Analyzer.h:130: warning: Member pad[144] (variable) of class Analyzer is not documented.
/home/daid/active/crabat/Analyzer.h:132: warning: Member TracksB[48] (variable) of class Analyzer is not documented.
/home/daid/active/crabat/Analyzer.h:133: warning: Member XpadB[48][20] (variable) of class Analyzer is not documented.
/home/daid/active/crabat/Analyzer.h:134: warning: Member YpadB[48][20] (variable) of class Analyzer is not documented.
/home/daid/active/crabat/Analyzer.h:135: warning: Member ZpadB[48][20] (variable) of class Analyzer is not documented.
/home/daid/active/crabat/Analyzer.h:136: warning: Member dEpadB[48][20] (variable) of class Analyzer is not documented.
/home/daid/active/crabat/Analyzer.h:137: warning: Member TpadB[48][20] (variable) of class Analyzer is not documented.
/home/daid/active/crabat/Analyzer.h:139: warning: Member TracksL[8] (variable) of class Analyzer is not documented.
/home/daid/active/crabat/Analyzer.h:140: warning: Member XpadL[8][20] (variable) of class Analyzer is not documented.
/home/daid/active/crabat/Analyzer.h:141: warning: Member YpadL[8][20] (variable) of class Analyzer is not documented.
/home/daid/active/crabat/Analyzer.h:142: warning: Member ZpadL[8][20] (variable) of class Analyzer is not documented.
/home/daid/active/crabat/Analyzer.h:143: warning: Member dEpadL[8][20] (variable) of class Analyzer is not documented.
/home/daid/active/crabat/Analyzer.h:144: warning: Member TpadL[8][20] (variable) of class Analyzer is not documented.
/home/daid/active/crabat/Analyzer.h:146: warning: Member TracksR[8] (variable) of class Analyzer is not documented.
/home/daid/active/crabat/Analyzer.h:147: warning: Member XpadR[8][20] (variable) of class Analyzer is not documented.
/home/daid/active/crabat/Analyzer.h:148: warning: Member YpadR[8][20] (variable) of class Analyzer is not documented.
/home/daid/active/crabat/Analyzer.h:149: warning: Member ZpadR[8][20] (variable) of class Analyzer is not documented.
/home/daid/active/crabat/Analyzer.h:150: warning: Member dEpadR[8][20] (variable) of class Analyzer is not documented.
/home/daid/active/crabat/Analyzer.h:151: warning: Member TpadR[8][20] (variable) of class Analyzer is not documented.
/home/daid/active/crabat/Analyzer.h:153: warning: Member TracksC[8] (variable) of class Analyzer is not documented.
/home/daid/active/crabat/Analyzer.h:154: warning: Member XpadC[8][20] (variable) of class Analyzer is not documented.
/home/daid/active/crabat/Analyzer.h:155: warning: Member YpadC[8][20] (variable) of class Analyzer is not documented.
/home/daid/active/crabat/Analyzer.h:156: warning: Member ZpadC[8][20] (variable) of class Analyzer is not documented.
/home/daid/active/crabat/Analyzer.h:157: warning: Member dEpadC[8][20] (variable) of class Analyzer is not documented.
/home/daid/active/crabat/Analyzer.h:158: warning: Member TpadC[8][20] (variable) of class Analyzer is not documented.
/home/daid/active/crabat/Analyzer.h:160: warning: Member dxy[2] (variable) of class Analyzer is not documented.
/home/daid/active/crabat/Analyzer.h:161: warning: Member PpacOffset[2][2] (variable) of class Analyzer is not documented.
/home/daid/active/crabat/Analyzer.h:162: warning: Member PpacOffsetLine[2][2] (variable) of class Analyzer is not documented.
/home/daid/active/crabat/Analyzer.h:163: warning: Member PpacPositionGain[2][2] (variable) of class Analyzer is not documented.
/home/daid/active/crabat/Analyzer.h:164: warning: Member PpacOffsetGeometry[2][2] (variable) of class Analyzer is not documented.
/home/daid/active/crabat/Analyzer.h:165: warning: Member PpacX[2] (variable) of class Analyzer is not documented.
/home/daid/active/crabat/Analyzer.h:165: warning: Member PpacY[2] (variable) of class Analyzer is not documented.
/home/daid/active/crabat/Analyzer.h:167: warning: Member arr (variable) of class Analyzer is not documented.
/home/daid/active/crabat/Analyzer.h:170: warning: Member b_fSiE (variable) of class Analyzer is not documented.
/home/daid/active/crabat/Analyzer.h:171: warning: Member b_fSiT (variable) of class Analyzer is not documented.
/home/daid/active/crabat/Analyzer.h:172: warning: Member b_fPPAC (variable) of class Analyzer is not documented.
/home/daid/active/crabat/Analyzer.h:173: warning: Member b_fRF (variable) of class Analyzer is not documented.
/home/daid/active/crabat/Analyzer.h:174: warning: Member b_fadc_ (variable) of class Analyzer is not documented.
/home/daid/active/crabat/Calibration.h:46: warning: Member Calibration(const char *calibfile, int nmax_in) (function) of class Calibration is not documented.
/home/daid/active/crabat/Calibration.h:50: warning: Member Init(const char *calibfile, int nmax_in) (function) of class Calibration is not documented.
/home/daid/active/crabat/Calibration.h:51: warning: Member AddEntry(Double_t offset_in, Double_t gain_in) (function) of class Calibration is not documented.
/home/daid/active/crabat/Calibration.h:53: warning: Member SetFileName(const char *str) (function) of class Calibration is not documented.
/home/daid/active/crabat/Calibration.h:54: warning: Member ScanFile() (function) of class Calibration is not documented.
/home/daid/active/crabat/Calibration.h:55: warning: Member ShowEntries() (function) of class Calibration is not documented.
/home/daid/active/crabat/Calibration.h:57: warning: Member Offset(int n) (function) of class Calibration is not documented.
/home/daid/active/crabat/Calibration.h:58: warning: Member Gain(int n) (function) of class Calibration is not documented.
/home/daid/active/crabat/Calibration.h:60: warning: Member Calib(int n, Double_t x) (function) of class Calibration is not documented.
/home/daid/active/crabat/Calibration.h:61: warning: Member CalibMeV(int n, Double_t x) (function) of class Calibration is not documented.
/home/daid/active/crabat/dictAnaly.cxx:633: warning: Member sizep2memfunc() (function) of class G__Sizep2memfuncdictAnaly is not documented.
/home/daid/active/crabat/dictCal.cxx:289: warning: Member sizep2memfunc() (function) of class G__Sizep2memfuncdictCal is not documented.
/home/daid/active/crabat/Analyzer.h:76: warning: Member Clear(Option_t *) (function) of class TArtFadcHit is not documented.
/home/daid/active/crabat/Analyzer.h:81: warning: Member ClassDef(TArtFadcHit, 2) (function) of class TArtFadcHit is not documented.
/home/daid/active/crabat/Analyzer.h:61: warning: Member fID (variable) of class TArtFadcHit is not documented.
/home/daid/active/crabat/Analyzer.h:62: warning: Member fHit (variable) of class TArtFadcHit is not documented.
/home/daid/active/crabat/Analyzer.h:63: warning: Member fNSample (variable) of class TArtFadcHit is not documented.
/home/daid/active/crabat/Analyzer.h:64: warning: Member fTime (variable) of class TArtFadcHit is not documented.
/home/daid/active/crabat/Analyzer.h:65: warning: Member fSample (variable) of class TArtFadcHit is not documented.
/home/daid/active/crabat/Analyzer.h:66: warning: Member fClock (variable) of class TArtFadcHit is not documented.
/home/daid/active/crabat/Analyzer.h:60: warning: Member kMaxSample (variable) of class TArtFadcHit is not documented.
cxx...
Generating docs for file run.h...
Generating page documentation...
Generating group documentation...
Generating group index...
Generating class documentation...
Generating annotated compound index...
Generating alphabetical compound index...
Generating hierarchical class index...
Generating member index...
Generating example index...
Generating docs for compound Analyzer...
Generating docs for compound Calibration...
Generating docs for compound G__cpp_setup_initdictAnaly...
Generating docs for compound G__cpp_setup_initdictCal...
Generating docs for compound G__Sizep2memfuncdictAnaly...
Generating docs for compound G__Sizep2memfuncdictCal...
Generating docs for compound TArtFadcHit...
Generating namespace index...
Generating namespace member index...
Generating graph info page...
Generating file index...
Generating example index...
Generating file member index...
finalizing index lists...
finished...
